<?xml version="1.0" encoding="UTF-8"?>
<testsuite xmlns:xsi="http://www.w3.org/2001/XMLSchema-instance" xsi:noNamespaceSchemaLocation="https://maven.apache.org/surefire/maven-surefire-plugin/xsd/surefire-test-report.xsd" name="TestSuite" time="13.768" tests="19" errors="0" skipped="0" failures="0">
  <properties>
[...]
</properties>
  <testcase name="TestOne" classname="alltests.PriorityExample" time="0.003"/>
  <testcase name="loginTest" classname="alltests.DataProviderExample" time="0.001"/>
  <testcase name="loginTest" classname="alltests.DataProviderExample" time="0"/>
  <testcase name="loginTest" classname="alltests.DataProviderExample" time="0"/>
  <testcase name="test1" classname="alltests.GroupingExample" time="0"/>
  <testcase name="test2" classname="alltests.GroupingExample" time="0"/>
  <testcase name="test3" classname="alltests.GroupingExample" time="0"/>
  <testcase name="test4" classname="alltests.GroupingExample" time="0"/>
  <testcase name="test5" classname="alltests.GroupingExample" time="0"/>
  <testcase name="TestTwo" classname="alltests.PriorityExample" time="0"/>
  <testcase name="logoTest" classname="alltests.AssertionsExample" time="2.284"/>
  <testcase name="setup" classname="alltests.FirstTestCase" time="0"/>
  <testcase name="setup" classname="alltests.SecondTestCase" time="0"/>
  <testcase name="TestThree" classname="alltests.PriorityExample" time="0"/>
  <testcase name="addCustomer" classname="alltests.SecondTestCase" time="0"/>
  <testcase name="login" classname="alltests.FirstTestCase" time="0"/>
  <testcase name="searchCustomer" classname="alltests.SecondTestCase" time="0.001"/>
  <testcase name="teardown" classname="alltests.FirstTestCase" time="0"/>
  <testcase name="teardown" classname="alltests.SecondTestCase" time="0"/>
</testsuite>