<?xml version="1.0" encoding="UTF-8"?>
<!-- Generated by org.testng.reporters.JUnitXMLReporter -->
<testsuite hostname="DESKTOP-FHJRRVN" ignored="1" name="Request" tests="19" failures="0" timestamp="2020-05-04T22:52:11 MSK" time="13.047" errors="0">
  <testcase name="TestOne" time="0.003" classname="alltests.PriorityExample"/>
  <testcase name="loginTest" time="0.0" classname="alltests.DataProviderExample"/>
  <testcase name="loginTest" time="0.0" classname="alltests.DataProviderExample"/>
  <testcase name="loginTest" time="0.0" classname="alltests.DataProviderExample"/>
  <testcase name="test1" time="0.0" classname="alltests.GroupingExample"/>
  <testcase name="test2" time="0.0" classname="alltests.GroupingExample"/>
  <testcase name="test3" time="0.0" classname="alltests.GroupingExample"/>
  <testcase name="test4" time="0.0" classname="alltests.GroupingExample"/>
  <testcase name="test5" time="0.0" classname="alltests.GroupingExample"/>
  <testcase name="TestTwo" time="0.0" classname="alltests.PriorityExample"/>
  <testcase name="logoTest" time="2.284" classname="alltests.AssertionsExample"/>
  <testcase name="setup" time="0.0" classname="alltests.FirstTestCase"/>
  <testcase name="setup" time="0.0" classname="alltests.SecondTestCase"/>
  <testcase name="TestThree" time="0.0" classname="alltests.PriorityExample"/>
  <testcase name="addCustomer" time="0.0" classname="alltests.SecondTestCase"/>
  <testcase name="login" time="0.0" classname="alltests.FirstTestCase"/>
  <testcase name="searchCustomer" time="0.0" classname="alltests.SecondTestCase"/>
  <testcase name="teardown" time="0.0" classname="alltests.FirstTestCase"/>
  <testcase name="teardown" time="0.0" classname="alltests.SecondTestCase"/>
  <testcase name="TestFour" time="0.0" classname="alltests.PriorityExample">
    <ignored/>
  </testcase> <!-- TestFour -->
</testsuite> <!-- Request -->
